Using pre-set license
Built from '2022.3/staging' branch; Version is '2022.3.45f1 (a13dfa44d684) revision 10567162'; Using compiler version '192829333'; Build Type 'Release'
OS: 'Windows 11  (10.0.22631) 64bit Core' Language: 'en' Physical Memory: 16129 MB
BatchMode: 1, IsHumanControllingUs: 0, StartBugReporterOnCrash: 0, Is64bit: 1, IsPro: 1

COMMAND LINE ARGUMENTS:
C:\Program Files\Unity\Hub\Editor\2022.3.45f1\Editor\Unity.exe
-adb2
-batchMode
-noUpm
-name
AssetImportWorker0
-projectPath
C:/Users/adeeb/Desktop/576/final/CS576Final
-logFile
Logs/AssetImportWorker0.log
-srvPort
61400
Successfully changed project path to: C:/Users/adeeb/Desktop/576/final/CS576Final
C:/Users/adeeb/Desktop/576/final/CS576Final
[UnityMemory] Configuration Parameters - Can be set up in boot.config
    "memorysetup-bucket-allocator-granularity=16"
    "memorysetup-bucket-allocator-bucket-count=8"
    "memorysetup-bucket-allocator-block-size=33554432"
    "memorysetup-bucket-allocator-block-count=8"
    "memorysetup-main-allocator-block-size=16777216"
    "memorysetup-thread-allocator-block-size=16777216"
    "memorysetup-gfx-main-allocator-block-size=16777216"
    "memorysetup-gfx-thread-allocator-block-size=16777216"
    "memorysetup-cache-allocator-block-size=4194304"
    "memorysetup-typetree-allocator-block-size=2097152"
    "memorysetup-profiler-bucket-allocator-granularity=16"
    "memorysetup-profiler-bucket-allocator-bucket-count=8"
    "memorysetup-profiler-bucket-allocator-block-size=33554432"
    "memorysetup-profiler-bucket-allocator-block-count=8"
    "memorysetup-profiler-allocator-block-size=16777216"
    "memorysetup-profiler-editor-allocator-block-size=1048576"
    "memorysetup-temp-allocator-size-main=16777216"
    "memorysetup-job-temp-allocator-block-size=2097152"
    "memorysetup-job-temp-allocator-block-size-background=1048576"
    "memorysetup-job-temp-allocator-reduction-small-platforms=262144"
    "memorysetup-allocator-temp-initial-block-size-main=262144"
    "memorysetup-allocator-temp-initial-block-size-worker=262144"
    "memorysetup-temp-allocator-size-background-worker=32768"
    "memorysetup-temp-allocator-size-job-worker=262144"
    "memorysetup-temp-allocator-size-preload-manager=33554432"
    "memorysetup-temp-allocator-size-nav-mesh-worker=65536"
    "memorysetup-temp-allocator-size-audio-worker=65536"
    "memorysetup-temp-allocator-size-cloud-worker=32768"
    "memorysetup-temp-allocator-size-gi-baking-worker=262144"
    "memorysetup-temp-allocator-size-gfx=262144"
Player connection [44220]  Target information:

Player connection [44220]  * "[IP] 192.168.1.64 [Port] 0 [Flags] 2 [Guid] 3297178036 [EditorId] 3297178036 [Version] 1048832 [Id] WindowsEditor(7,DESKTOP-SBVODNK) [Debug] 1 [PackageName] WindowsEditor [ProjectName] Editor" 

Player connection [44220] Host joined multi-casting on [225.0.0.222:54997]...
Player connection [44220] Host joined alternative multi-casting on [225.0.0.222:34997]...
[PhysX] Initialized MultithreadedTaskDispatcher with 12 workers.
Refreshing native plugins compatible for Editor in 9.08 ms, found 3 plugins.
Preloading 0 native plugins for Editor in 0.00 ms.
Initialize engine version: 2022.3.45f1 (a13dfa44d684)
[Subsystems] Discovering subsystems at path C:/Program Files/Unity/Hub/Editor/2022.3.45f1/Editor/Data/Resources/UnitySubsystems
[Subsystems] Discovering subsystems at path C:/Users/adeeb/Desktop/576/final/CS576Final/Assets
GfxDevice: creating device client; threaded=0; jobified=0
Direct3D:
    Version:  Direct3D 11.0 [level 11.1]
    Renderer: NVIDIA GeForce GTX 1650 Ti (ID=0x1f95)
    Vendor:   NVIDIA
    VRAM:     3938 MB
    Driver:   32.0.15.5612
Initialize mono
Mono path[0] = 'C:/Program Files/Unity/Hub/Editor/2022.3.45f1/Editor/Data/Managed'
Mono path[1] = 'C:/Program Files/Unity/Hub/Editor/2022.3.45f1/Editor/Data/MonoBleedingEdge/lib/mono/unityjit-win32'
Mono config path = 'C:/Program Files/Unity/Hub/Editor/2022.3.45f1/Editor/Data/MonoBleedingEdge/etc'
Using monoOptions --debugger-agent=transport=dt_socket,embedding=1,server=y,suspend=n,address=127.0.0.1:56512
Begin MonoManager ReloadAssembly
Registering precompiled unity dll's ...
Register platform support module: C:/Program Files/Unity/Hub/Editor/2022.3.45f1/Editor/Data/PlaybackEngines/WindowsStandaloneSupport/UnityEditor.WindowsStandalone.Extensions.dll
Registered in 0.006916 seconds.
- Loaded All Assemblies, in  0.376 seconds
Native extension for WindowsStandalone target not found
Mono: successfully reloaded assembly
- Finished resetting the current domain, in  0.278 seconds
Domain Reload Profiling: 652ms
	BeginReloadAssembly (116ms)
		ExecutionOrderSort (0ms)
		DisableScriptedObjects (0ms)
		BackupInstance (0ms)
		ReleaseScriptingObjects (0ms)
		CreateAndSetChildDomain (1ms)
	RebuildCommonClasses (36ms)
	RebuildNativeTypeToScriptingClass (11ms)
	initialDomainReloadingComplete (60ms)
	LoadAllAssembliesAndSetupDomain (151ms)
		LoadAssemblies (114ms)
		RebuildTransferFunctionScriptingTraits (0ms)
		AnalyzeDomain (149ms)
			TypeCache.Refresh (147ms)
				TypeCache.ScanAssembly (131ms)
			ScanForSourceGeneratedMonoScriptInfo (0ms)
			ResolveRequiredComponents (0ms)
	FinalizeReload (278ms)
		ReleaseScriptCaches (0ms)
		RebuildScriptCaches (0ms)
		SetupLoadedEditorAssemblies (222ms)
			LogAssemblyErrors (0ms)
			InitializePlatformSupportModulesInManaged (10ms)
			SetLoadedEditorAssemblies (10ms)
			RefreshPlugins (0ms)
			BeforeProcessingInitializeOnLoad (3ms)
			ProcessInitializeOnLoadAttributes (149ms)
			ProcessInitializeOnLoadMethodAttributes (50ms)
			AfterProcessingInitializeOnLoad (0ms)
			EditorAssembliesLoaded (0ms)
		ExecutionOrderSort2 (0ms)
		AwakeInstancesAfterBackupRestoration (0ms)
========================================================================
Worker process is ready to serve import requests
Caller must complete domain reload
Begin MonoManager ReloadAssembly
- Loaded All Assemblies, in  0.866 seconds
Native extension for WindowsStandalone target not found
Mono: successfully reloaded assembly
- Finished resetting the current domain, in  0.689 seconds
Domain Reload Profiling: 1548ms
	BeginReloadAssembly (196ms)
		ExecutionOrderSort (0ms)
		DisableScriptedObjects (8ms)
		BackupInstance (0ms)
		ReleaseScriptingObjects (0ms)
		CreateAndSetChildDomain (28ms)
	RebuildCommonClasses (41ms)
	RebuildNativeTypeToScriptingClass (12ms)
	initialDomainReloadingComplete (60ms)
	LoadAllAssembliesAndSetupDomain (550ms)
		LoadAssemblies (403ms)
		RebuildTransferFunctionScriptingTraits (0ms)
		AnalyzeDomain (254ms)
			TypeCache.Refresh (232ms)
				TypeCache.ScanAssembly (212ms)
			ScanForSourceGeneratedMonoScriptInfo (15ms)
			ResolveRequiredComponents (6ms)
	FinalizeReload (690ms)
		ReleaseScriptCaches (0ms)
		RebuildScriptCaches (0ms)
		SetupLoadedEditorAssemblies (524ms)
			LogAssemblyErrors (0ms)
			InitializePlatformSupportModulesInManaged (7ms)
			SetLoadedEditorAssemblies (3ms)
			RefreshPlugins (0ms)
			BeforeProcessingInitializeOnLoad (66ms)
			ProcessInitializeOnLoadAttributes (419ms)
			ProcessInitializeOnLoadMethodAttributes (20ms)
			AfterProcessingInitializeOnLoad (8ms)
			EditorAssembliesLoaded (0ms)
		ExecutionOrderSort2 (0ms)
		AwakeInstancesAfterBackupRestoration (11ms)
Launched and connected shader compiler UnityShaderCompiler.exe after 0.06 seconds
Refreshing native plugins compatible for Editor in 3.67 ms, found 3 plugins.
Preloading 0 native plugins for Editor in 0.00 ms.
Unloading 3104 Unused Serialized files (Serialized files now loaded: 0)
Unloading 19 unused Assets / (54.9 KB). Loaded Objects now: 3570.
Memory consumption went from 118.5 MB to 118.4 MB.
Total: 3.851700 ms (FindLiveObjects: 0.260900 ms CreateObjectMapping: 0.200300 ms MarkObjects: 3.239800 ms  DeleteObjects: 0.149200 ms)

AssetImportParameters requested are different than current active one (requested -> active):
  custom:container-demuxer-ogg: 62fdf1f143b41e24485cea50d1cbac27 -> 
  custom:video-codec-MediaFoundation-h265: 746d11721c4dcdbdad8f713fa42b33f4 -> 
  custom:video-decoder-ogg-theora: a1e56fd34408186e4bbccfd4996cb3dc -> 
  custom:framework-win-MediaFoundation: 216162199b28c13a410421893ffa2e32 -> 
  custom:CustomObjectIndexerAttribute: 9a22284fe3817be447336de3de66b15e -> 
  custom:container-demuxer-webm: 4f35f7cbe854078d1ac9338744f61a02 -> 
  custom:container-muxer-webm: aa71ff27fc2769a1b78a27578f13a17b -> 
  custom:video-decoder-webm-vp8: 9c59270c3fd7afecdb556c50c9e8de78 -> 
  custom:SearchIndexIgnoredProperties: e643bd26f0fe6173181afceb89e7c659 -> 
  custom:AudioImporter_EditorPlatform: d09bf68614088b80899f8185d706f6e7 -> 
  custom:video-encoder-webm-vp8: eb34c28f22e8b96e1ab97ce403110664 -> 
  custom:audio-decoder-ogg-vorbis: bf7c407c2cedff20999df2af8eb42d56 -> 
  custom:audio-encoder-webm-vorbis: bf7c407c2cedff20999df2af8eb42d56 -> 
========================================================================
Received Prepare
Caller must complete domain reload
Begin MonoManager ReloadAssembly
- Loaded All Assemblies, in  0.483 seconds
Native extension for WindowsStandalone target not found
Mono: successfully reloaded assembly
- Finished resetting the current domain, in  1.034 seconds
Domain Reload Profiling: 1514ms
	BeginReloadAssembly (180ms)
		ExecutionOrderSort (0ms)
		DisableScriptedObjects (5ms)
		BackupInstance (0ms)
		ReleaseScriptingObjects (0ms)
		CreateAndSetChildDomain (35ms)
	RebuildCommonClasses (53ms)
	RebuildNativeTypeToScriptingClass (12ms)
	initialDomainReloadingComplete (31ms)
	LoadAllAssembliesAndSetupDomain (204ms)
		LoadAssemblies (294ms)
		RebuildTransferFunctionScriptingTraits (0ms)
		AnalyzeDomain (12ms)
			TypeCache.Refresh (6ms)
				TypeCache.ScanAssembly (0ms)
			ScanForSourceGeneratedMonoScriptInfo (0ms)
			ResolveRequiredComponents (5ms)
	FinalizeReload (1035ms)
		ReleaseScriptCaches (0ms)
		RebuildScriptCaches (0ms)
		SetupLoadedEditorAssemblies (524ms)
			LogAssemblyErrors (0ms)
			InitializePlatformSupportModulesInManaged (9ms)
			SetLoadedEditorAssemblies (4ms)
			RefreshPlugins (0ms)
			BeforeProcessingInitializeOnLoad (71ms)
			ProcessInitializeOnLoadAttributes (407ms)
			ProcessInitializeOnLoadMethodAttributes (26ms)
			AfterProcessingInitializeOnLoad (8ms)
			EditorAssembliesLoaded (0ms)
		ExecutionOrderSort2 (0ms)
		AwakeInstancesAfterBackupRestoration (9ms)
Refreshing native plugins compatible for Editor in 3.68 ms, found 3 plugins.
Preloading 0 native plugins for Editor in 0.00 ms.
Unloading 3097 Unused Serialized files (Serialized files now loaded: 0)
Unloading 14 unused Assets / (28.5 KB). Loaded Objects now: 3573.
Memory consumption went from 117.6 MB to 117.6 MB.
Total: 3.511400 ms (FindLiveObjects: 0.397700 ms CreateObjectMapping: 0.383900 ms MarkObjects: 2.668100 ms  DeleteObjects: 0.060600 ms)

Prepare: number of updated asset objects reloaded= 0
AssetImportParameters requested are different than current active one (requested -> active):
  custom:container-demuxer-ogg: 62fdf1f143b41e24485cea50d1cbac27 -> 
  custom:video-codec-MediaFoundation-h265: 746d11721c4dcdbdad8f713fa42b33f4 -> 
  custom:video-decoder-ogg-theora: a1e56fd34408186e4bbccfd4996cb3dc -> 
  custom:framework-win-MediaFoundation: 216162199b28c13a410421893ffa2e32 -> 
  custom:CustomObjectIndexerAttribute: 9a22284fe3817be447336de3de66b15e -> 
  custom:container-demuxer-webm: 4f35f7cbe854078d1ac9338744f61a02 -> 
  custom:container-muxer-webm: aa71ff27fc2769a1b78a27578f13a17b -> 
  custom:video-decoder-webm-vp8: 9c59270c3fd7afecdb556c50c9e8de78 -> 
  custom:SearchIndexIgnoredProperties: e643bd26f0fe6173181afceb89e7c659 -> 
  custom:AudioImporter_EditorPlatform: d09bf68614088b80899f8185d706f6e7 -> 
  custom:video-encoder-webm-vp8: eb34c28f22e8b96e1ab97ce403110664 -> 
  custom:audio-decoder-ogg-vorbis: bf7c407c2cedff20999df2af8eb42d56 -> 
  custom:audio-encoder-webm-vorbis: bf7c407c2cedff20999df2af8eb42d56 -> 
========================================================================
Received Import Request.
  Time since last request: 289277.426221 seconds.
  path: Assets/Scenes/Laboratory Scene.unity
  artifactKey: Guid(b2fb237aa37a14596ae4093aef802f39) Importer(815301076,1909f56bfc062723c751e8b465ee728b)
Start importing Assets/Scenes/Laboratory Scene.unity using Guid(b2fb237aa37a14596ae4093aef802f39) Importer(815301076,1909f56bfc062723c751e8b465ee728b) [PhysX] Initialized MultithreadedTaskDispatcher with 12 workers.
 -> (artifact id: '0829b291e2ebc2fe4072c978f2cb5274') in 0.003550 seconds
Number of updated asset objects reloaded before import = 0
Number of asset objects unloaded after import = 0
========================================================================
Received Import Request.
  Time since last request: 149.699832 seconds.
  path: Assets/3D Laboratory Environment with Appratus/Prefabs
  artifactKey: Guid(e94b21ce529ff42a98ab084f356c4ef1) Importer(815301076,1909f56bfc062723c751e8b465ee728b)
Start importing Assets/3D Laboratory Environment with Appratus/Prefabs using Guid(e94b21ce529ff42a98ab084f356c4ef1) Importer(815301076,1909f56bfc062723c751e8b465ee728b) [PhysX] Initialized MultithreadedTaskDispatcher with 12 workers.
 -> (artifact id: '14e9f1b2952f69db682c79018dcfc07a') in 0.000547 seconds
Number of updated asset objects reloaded before import = 0
Number of asset objects unloaded after import = 0
========================================================================
Received Import Request.
  Time since last request: 0.085865 seconds.
  path: Assets/3D Laboratory Environment with Appratus/Prefabs/Beaker.prefab
  artifactKey: Guid(1836ec5a4a9706d42b8941d84940196f) Importer(815301076,1909f56bfc062723c751e8b465ee728b)
Start importing Assets/3D Laboratory Environment with Appratus/Prefabs/Beaker.prefab using Guid(1836ec5a4a9706d42b8941d84940196f) Importer(815301076,1909f56bfc062723c751e8b465ee728b) [PhysX] Initialized MultithreadedTaskDispatcher with 12 workers.
[PhysX] Initialized MultithreadedTaskDispatcher with 12 workers.
 -> (artifact id: '2e3549fc9a465938e421d4d732229fc5') in 0.368322 seconds
Number of updated asset objects reloaded before import = 0
Number of asset objects unloaded after import = 11
========================================================================
Received Import Request.
  Time since last request: 0.000025 seconds.
  path: Assets/3D Laboratory Environment with Appratus/Prefabs/Glass_Lab_test_tube with liquid.prefab
  artifactKey: Guid(cbb3159864b0a1348ab992ae9813d64d) Importer(815301076,1909f56bfc062723c751e8b465ee728b)
Start importing Assets/3D Laboratory Environment with Appratus/Prefabs/Glass_Lab_test_tube with liquid.prefab using Guid(cbb3159864b0a1348ab992ae9813d64d) Importer(815301076,1909f56bfc062723c751e8b465ee728b) [PhysX] Initialized MultithreadedTaskDispatcher with 12 workers.
[PhysX] Initialized MultithreadedTaskDispatcher with 12 workers.
 -> (artifact id: 'cc22586852de6bd112828a64d0f68eb8') in 0.247938 seconds
Number of updated asset objects reloaded before import = 0
Number of asset objects unloaded after import = 25
========================================================================
Received Import Request.
  Time since last request: 0.000041 seconds.
  path: Assets/3D Laboratory Environment with Appratus/Prefabs/Spirit_Lamp with water.prefab
  artifactKey: Guid(ff25b715f02cfd947b8608c3d7de53c9) Importer(815301076,1909f56bfc062723c751e8b465ee728b)
Start importing Assets/3D Laboratory Environment with Appratus/Prefabs/Spirit_Lamp with water.prefab using Guid(ff25b715f02cfd947b8608c3d7de53c9) Importer(815301076,1909f56bfc062723c751e8b465ee728b) [PhysX] Initialized MultithreadedTaskDispatcher with 12 workers.
[PhysX] Initialized MultithreadedTaskDispatcher with 12 workers.
 -> (artifact id: '0faf4dde07fbc31fa51f74ffc71b42cc') in 0.164435 seconds
Number of updated asset objects reloaded before import = 0
Number of asset objects unloaded after import = 33
========================================================================
Received Import Request.
  Time since last request: 0.000046 seconds.
  path: Assets/3D Laboratory Environment with Appratus/Prefabs/Box.prefab
  artifactKey: Guid(39cc7f30cb7643c4788fafb36317e6f0) Importer(815301076,1909f56bfc062723c751e8b465ee728b)
Start importing Assets/3D Laboratory Environment with Appratus/Prefabs/Box.prefab using Guid(39cc7f30cb7643c4788fafb36317e6f0) Importer(815301076,1909f56bfc062723c751e8b465ee728b) [PhysX] Initialized MultithreadedTaskDispatcher with 12 workers.
[PhysX] Initialized MultithreadedTaskDispatcher with 12 workers.
 -> (artifact id: '6a55e6fa2e6b489a09c7cf994d590b09') in 0.014707 seconds
Number of updated asset objects reloaded before import = 0
Number of asset objects unloaded after import = 24
========================================================================
Received Import Request.
  Time since last request: 0.000018 seconds.
  path: Assets/3D Laboratory Environment with Appratus/Prefabs/Beakerwater.prefab
  artifactKey: Guid(a572e70971ff81f4992e8360d5356395) Importer(815301076,1909f56bfc062723c751e8b465ee728b)
Start importing Assets/3D Laboratory Environment with Appratus/Prefabs/Beakerwater.prefab using Guid(a572e70971ff81f4992e8360d5356395) Importer(815301076,1909f56bfc062723c751e8b465ee728b) [PhysX] Initialized MultithreadedTaskDispatcher with 12 workers.
[PhysX] Initialized MultithreadedTaskDispatcher with 12 workers.
 -> (artifact id: '288e5d3288aade8968a5b72e555c90e4') in 0.009398 seconds
Number of updated asset objects reloaded before import = 0
Number of asset objects unloaded after import = 8
========================================================================
Received Import Request.
  Time since last request: 0.000017 seconds.
  path: Assets/3D Laboratory Environment with Appratus/Prefabs/florence_flask water.prefab
  artifactKey: Guid(b23404ba7c29bc249b69b2cc6f6d6b36) Importer(815301076,1909f56bfc062723c751e8b465ee728b)
Start importing Assets/3D Laboratory Environment with Appratus/Prefabs/florence_flask water.prefab using Guid(b23404ba7c29bc249b69b2cc6f6d6b36) Importer(815301076,1909f56bfc062723c751e8b465ee728b) [PhysX] Initialized MultithreadedTaskDispatcher with 12 workers.
[PhysX] Initialized MultithreadedTaskDispatcher with 12 workers.
 -> (artifact id: 'b7d806c2be4936159a1b2f32f0336ead') in 0.006819 seconds
Number of updated asset objects reloaded before import = 0
Number of asset objects unloaded after import = 8
========================================================================
Received Import Request.
  Time since last request: 0.000026 seconds.
  path: Assets/3D Laboratory Environment with Appratus/Prefabs/water Shelf.prefab
  artifactKey: Guid(015d07e8f9746c94eb8cd53e5b0964ab) Importer(815301076,1909f56bfc062723c751e8b465ee728b)
Start importing Assets/3D Laboratory Environment with Appratus/Prefabs/water Shelf.prefab using Guid(015d07e8f9746c94eb8cd53e5b0964ab) Importer(815301076,1909f56bfc062723c751e8b465ee728b) [PhysX] Initialized MultithreadedTaskDispatcher with 12 workers.
[PhysX] Initialized MultithreadedTaskDispatcher with 12 workers.
 -> (artifact id: 'b20dc3e2ff2e96a36eea289b82a16e8a') in 0.014286 seconds
Number of updated asset objects reloaded before import = 0
Number of asset objects unloaded after import = 20
========================================================================
Received Import Request.
  Time since last request: 0.000042 seconds.
  path: Assets/3D Laboratory Environment with Appratus/Prefabs/Erlenmeyer_flask water.prefab
  artifactKey: Guid(f0aa1c925210d3e478b7bbdba5252af4) Importer(815301076,1909f56bfc062723c751e8b465ee728b)
Start importing Assets/3D Laboratory Environment with Appratus/Prefabs/Erlenmeyer_flask water.prefab using Guid(f0aa1c925210d3e478b7bbdba5252af4) Importer(815301076,1909f56bfc062723c751e8b465ee728b) [PhysX] Initialized MultithreadedTaskDispatcher with 12 workers.
[PhysX] Initialized MultithreadedTaskDispatcher with 12 workers.
 -> (artifact id: '40faa972971d6e6bc91c501a63a23664') in 0.007702 seconds
Number of updated asset objects reloaded before import = 0
Number of asset objects unloaded after import = 8
========================================================================
Received Import Request.
  Time since last request: 0.000025 seconds.
  path: Assets/3D Laboratory Environment with Appratus/Prefabs/Glass_Lab_test_tube water.prefab
  artifactKey: Guid(db6546049b07ead45b5904d4dd8c3ca9) Importer(815301076,1909f56bfc062723c751e8b465ee728b)
Start importing Assets/3D Laboratory Environment with Appratus/Prefabs/Glass_Lab_test_tube water.prefab using Guid(db6546049b07ead45b5904d4dd8c3ca9) Importer(815301076,1909f56bfc062723c751e8b465ee728b) [PhysX] Initialized MultithreadedTaskDispatcher with 12 workers.
[PhysX] Initialized MultithreadedTaskDispatcher with 12 workers.
 -> (artifact id: '98fbc7add395fa660b15ab21ff4678ea') in 0.008134 seconds
Number of updated asset objects reloaded before import = 0
Number of asset objects unloaded after import = 8
========================================================================
Received Import Request.
  Time since last request: 0.000028 seconds.
  path: Assets/3D Laboratory Environment with Appratus/Prefabs/Graduated_Cylinder.prefab
  artifactKey: Guid(820eb138b931c5e428d3fba6a0c81a0c) Importer(815301076,1909f56bfc062723c751e8b465ee728b)
Start importing Assets/3D Laboratory Environment with Appratus/Prefabs/Graduated_Cylinder.prefab using Guid(820eb138b931c5e428d3fba6a0c81a0c) Importer(815301076,1909f56bfc062723c751e8b465ee728b) [PhysX] Initialized MultithreadedTaskDispatcher with 12 workers.
[PhysX] Initialized MultithreadedTaskDispatcher with 12 workers.
 -> (artifact id: '77b5693c4ee0aab805429ab4a642f093') in 0.011625 seconds
Number of updated asset objects reloaded before import = 0
Number of asset objects unloaded after import = 11
========================================================================
Received Import Request.
  Time since last request: 0.000031 seconds.
  path: Assets/3D Laboratory Environment with Appratus/Prefabs/glass_frame.prefab
  artifactKey: Guid(aab47d642ec9fd94ab69459ad6deedb1) Importer(815301076,1909f56bfc062723c751e8b465ee728b)
Start importing Assets/3D Laboratory Environment with Appratus/Prefabs/glass_frame.prefab using Guid(aab47d642ec9fd94ab69459ad6deedb1) Importer(815301076,1909f56bfc062723c751e8b465ee728b) [PhysX] Initialized MultithreadedTaskDispatcher with 12 workers.
[PhysX] Initialized MultithreadedTaskDispatcher with 12 workers.
 -> (artifact id: '5dcdc1ae9cbdbb5b6110a626206703a3') in 0.011463 seconds
Number of updated asset objects reloaded before import = 0
Number of asset objects unloaded after import = 12
========================================================================
Received Import Request.
  Time since last request: 0.000020 seconds.
  path: Assets/3D Laboratory Environment with Appratus/Prefabs/florence_flask with water.prefab
  artifactKey: Guid(61c67c3c4a5f20f4b9b0d61fea197d67) Importer(815301076,1909f56bfc062723c751e8b465ee728b)
Start importing Assets/3D Laboratory Environment with Appratus/Prefabs/florence_flask with water.prefab using Guid(61c67c3c4a5f20f4b9b0d61fea197d67) Importer(815301076,1909f56bfc062723c751e8b465ee728b) [PhysX] Initialized MultithreadedTaskDispatcher with 12 workers.
[PhysX] Initialized MultithreadedTaskDispatcher with 12 workers.
 -> (artifact id: 'ccebe44e31af9078b323748469623968') in 0.012622 seconds
Number of updated asset objects reloaded before import = 0
Number of asset objects unloaded after import = 25
========================================================================
Received Import Request.
  Time since last request: 0.000019 seconds.
  path: Assets/3D Laboratory Environment with Appratus/Prefabs/chair.prefab
  artifactKey: Guid(00f2ce65178270a459700e0c08c55a4f) Importer(815301076,1909f56bfc062723c751e8b465ee728b)
Start importing Assets/3D Laboratory Environment with Appratus/Prefabs/chair.prefab using Guid(00f2ce65178270a459700e0c08c55a4f) Importer(815301076,1909f56bfc062723c751e8b465ee728b) [PhysX] Initialized MultithreadedTaskDispatcher with 12 workers.
[PhysX] Initialized MultithreadedTaskDispatcher with 12 workers.
 -> (artifact id: 'b0b370ebf8ca071f6a2a3dec04e3e495') in 0.010895 seconds
Number of updated asset objects reloaded before import = 0
Number of asset objects unloaded after import = 67
========================================================================
Received Import Request.
  Time since last request: 0.000017 seconds.
  path: Assets/3D Laboratory Environment with Appratus/Prefabs/Erlenmeyer_flask with water.prefab
  artifactKey: Guid(82efbd6f209a6ab4c8e561fcd37a4810) Importer(815301076,1909f56bfc062723c751e8b465ee728b)
Start importing Assets/3D Laboratory Environment with Appratus/Prefabs/Erlenmeyer_flask with water.prefab using Guid(82efbd6f209a6ab4c8e561fcd37a4810) Importer(815301076,1909f56bfc062723c751e8b465ee728b) [PhysX] Initialized MultithreadedTaskDispatcher with 12 workers.
[PhysX] Initialized MultithreadedTaskDispatcher with 12 workers.
 -> (artifact id: 'b91e64bc0c3425e7b0e03db3adf71178') in 0.011447 seconds
Number of updated asset objects reloaded before import = 0
Number of asset objects unloaded after import = 25
========================================================================
Received Import Request.
  Time since last request: 0.000028 seconds.
  path: Assets/3D Laboratory Environment with Appratus/Prefabs/wall01.prefab
  artifactKey: Guid(90dbb427ac5963541b1cdbc7520999e3) Importer(815301076,1909f56bfc062723c751e8b465ee728b)
Start importing Assets/3D Laboratory Environment with Appratus/Prefabs/wall01.prefab using Guid(90dbb427ac5963541b1cdbc7520999e3) Importer(815301076,1909f56bfc062723c751e8b465ee728b) [PhysX] Initialized MultithreadedTaskDispatcher with 12 workers.
[PhysX] Initialized MultithreadedTaskDispatcher with 12 workers.
 -> (artifact id: '19b423829101b39e3cafe5c20d266fd5') in 0.012155 seconds
Number of updated asset objects reloaded before import = 0
Number of asset objects unloaded after import = 12
========================================================================
Received Import Request.
  Time since last request: 0.000023 seconds.
  path: Assets/3D Laboratory Environment with Appratus/Prefabs/floor.prefab
  artifactKey: Guid(5d77a75c98992b840b27e02e065df54f) Importer(815301076,1909f56bfc062723c751e8b465ee728b)
Start importing Assets/3D Laboratory Environment with Appratus/Prefabs/floor.prefab using Guid(5d77a75c98992b840b27e02e065df54f) Importer(815301076,1909f56bfc062723c751e8b465ee728b) [PhysX] Initialized MultithreadedTaskDispatcher with 12 workers.
[PhysX] Initialized MultithreadedTaskDispatcher with 12 workers.
 -> (artifact id: '957a5b9e2d27b6ed90f154d469f6feeb') in 0.009999 seconds
Number of updated asset objects reloaded before import = 0
Number of asset objects unloaded after import = 12
========================================================================
Received Import Request.
  Time since last request: 0.000039 seconds.
  path: Assets/3D Laboratory Environment with Appratus/Prefabs/drawer handle.prefab
  artifactKey: Guid(94158784aed10c64fba4aa087970b60a) Importer(815301076,1909f56bfc062723c751e8b465ee728b)
Start importing Assets/3D Laboratory Environment with Appratus/Prefabs/drawer handle.prefab using Guid(94158784aed10c64fba4aa087970b60a) Importer(815301076,1909f56bfc062723c751e8b465ee728b) [PhysX] Initialized MultithreadedTaskDispatcher with 12 workers.
[PhysX] Initialized MultithreadedTaskDispatcher with 12 workers.
 -> (artifact id: '2a93d85356d18beba93859d5de7f2155') in 0.011926 seconds
Number of updated asset objects reloaded before import = 0
Number of asset objects unloaded after import = 12
========================================================================
Received Import Request.
  Time since last request: 0.000019 seconds.
  path: Assets/3D Laboratory Environment with Appratus/Prefabs/Boiling_Liquid_Stand.prefab
  artifactKey: Guid(5a995f9fd8fafcf479304ec16ce9c299) Importer(815301076,1909f56bfc062723c751e8b465ee728b)
Start importing Assets/3D Laboratory Environment with Appratus/Prefabs/Boiling_Liquid_Stand.prefab using Guid(5a995f9fd8fafcf479304ec16ce9c299) Importer(815301076,1909f56bfc062723c751e8b465ee728b) [PhysX] Initialized MultithreadedTaskDispatcher with 12 workers.
[PhysX] Initialized MultithreadedTaskDispatcher with 12 workers.
 -> (artifact id: '36fb3bc3ce366e43b9d7d72276ca1c01') in 0.011313 seconds
Number of updated asset objects reloaded before import = 0
Number of asset objects unloaded after import = 70
========================================================================
Received Import Request.
  Time since last request: 0.000031 seconds.
  path: Assets/3D Laboratory Environment with Appratus/Prefabs/shelf.prefab
  artifactKey: Guid(f2629ace2826e974393b395f2af2bb50) Importer(815301076,1909f56bfc062723c751e8b465ee728b)
Start importing Assets/3D Laboratory Environment with Appratus/Prefabs/shelf.prefab using Guid(f2629ace2826e974393b395f2af2bb50) Importer(815301076,1909f56bfc062723c751e8b465ee728b) [PhysX] Initialized MultithreadedTaskDispatcher with 12 workers.
[PhysX] Initialized MultithreadedTaskDispatcher with 12 workers.
 -> (artifact id: '64eb61ab12f22246bba1f21dce82d809') in 0.011659 seconds
Number of updated asset objects reloaded before import = 0
Number of asset objects unloaded after import = 12
========================================================================
Received Import Request.
  Time since last request: 0.000023 seconds.
  path: Assets/3D Laboratory Environment with Appratus/Prefabs/Graduated_Cylinder with liquid.prefab
  artifactKey: Guid(1facb00fc6b330b4590ed152a3aadcd3) Importer(815301076,1909f56bfc062723c751e8b465ee728b)
Start importing Assets/3D Laboratory Environment with Appratus/Prefabs/Graduated_Cylinder with liquid.prefab using Guid(1facb00fc6b330b4590ed152a3aadcd3) Importer(815301076,1909f56bfc062723c751e8b465ee728b) [PhysX] Initialized MultithreadedTaskDispatcher with 12 workers.
[PhysX] Initialized MultithreadedTaskDispatcher with 12 workers.
 -> (artifact id: 'a4fdaf11200249eb2cf26a84c386735d') in 0.010559 seconds
Number of updated asset objects reloaded before import = 0
Number of asset objects unloaded after import = 25
========================================================================
Received Import Request.
  Time since last request: 7.002460 seconds.
  path: Assets/3D Laboratory Environment with Appratus/Models/Beaker.fbx
  artifactKey: Guid(44fed6aff454809469effaac1a0b86ed) Importer(815301076,1909f56bfc062723c751e8b465ee728b)
Start importing Assets/3D Laboratory Environment with Appratus/Models/Beaker.fbx using Guid(44fed6aff454809469effaac1a0b86ed) Importer(815301076,1909f56bfc062723c751e8b465ee728b) [PhysX] Initialized MultithreadedTaskDispatcher with 12 workers.
[PhysX] Initialized MultithreadedTaskDispatcher with 12 workers.
[PhysX] Initialized MultithreadedTaskDispatcher with 12 workers.
 -> (artifact id: '6f590d2cc39b9652a58632d02fde3bbf') in 0.183156 seconds
Number of updated asset objects reloaded before import = 0
Number of asset objects unloaded after import = 10
========================================================================
Received Import Request.
  Time since last request: 0.000017 seconds.
  path: Assets/3D Laboratory Environment with Appratus/Models/pillar.fbx
  artifactKey: Guid(257a5a8162fa1ee4e8e82ac61c20f35b) Importer(815301076,1909f56bfc062723c751e8b465ee728b)
Start importing Assets/3D Laboratory Environment with Appratus/Models/pillar.fbx using Guid(257a5a8162fa1ee4e8e82ac61c20f35b) Importer(815301076,1909f56bfc062723c751e8b465ee728b) [PhysX] Initialized MultithreadedTaskDispatcher with 12 workers.
[PhysX] Initialized MultithreadedTaskDispatcher with 12 workers.
[PhysX] Initialized MultithreadedTaskDispatcher with 12 workers.
 -> (artifact id: '57587a03401efd3dbafe2d9eb6ce6043') in 0.018710 seconds
Number of updated asset objects reloaded before import = 0
Number of asset objects unloaded after import = 11
========================================================================
Received Import Request.
  Time since last request: 0.000021 seconds.
  path: Assets/3D Laboratory Environment with Appratus/Models/Box.fbx
  artifactKey: Guid(87f8498830346b340b93f6a02d6fee04) Importer(815301076,1909f56bfc062723c751e8b465ee728b)
Start importing Assets/3D Laboratory Environment with Appratus/Models/Box.fbx using Guid(87f8498830346b340b93f6a02d6fee04) Importer(815301076,1909f56bfc062723c751e8b465ee728b) [PhysX] Initialized MultithreadedTaskDispatcher with 12 workers.
[PhysX] Initialized MultithreadedTaskDispatcher with 12 workers.
[PhysX] Initialized MultithreadedTaskDispatcher with 12 workers.
[PhysX] Initialized MultithreadedTaskDispatcher with 12 workers.
[PhysX] Initialized MultithreadedTaskDispatcher with 12 workers.
[PhysX] Initialized MultithreadedTaskDispatcher with 12 workers.
[PhysX] Initialized MultithreadedTaskDispatcher with 12 workers.
[PhysX] Initialized MultithreadedTaskDispatcher with 12 workers.
 -> (artifact id: 'c572016861c85953f85fdff30ed63cec') in 0.058433 seconds
Number of updated asset objects reloaded before import = 0
Number of asset objects unloaded after import = 23
========================================================================
Received Import Request.
  Time since last request: 0.000017 seconds.
  path: Assets/3D Laboratory Environment with Appratus/Models/Crucible_Tongs.fbx
  artifactKey: Guid(467bcd725f0c5c44d834baf480c0729c) Importer(815301076,1909f56bfc062723c751e8b465ee728b)
Start importing Assets/3D Laboratory Environment with Appratus/Models/Crucible_Tongs.fbx using Guid(467bcd725f0c5c44d834baf480c0729c) Importer(815301076,1909f56bfc062723c751e8b465ee728b) [PhysX] Initialized MultithreadedTaskDispatcher with 12 workers.
[PhysX] Initialized MultithreadedTaskDispatcher with 12 workers.
[PhysX] Initialized MultithreadedTaskDispatcher with 12 workers.
[PhysX] Initialized MultithreadedTaskDispatcher with 12 workers.
[PhysX] Initialized MultithreadedTaskDispatcher with 12 workers.
[PhysX] Initialized MultithreadedTaskDispatcher with 12 workers.
[PhysX] Initialized MultithreadedTaskDispatcher with 12 workers.
[PhysX] Initialized MultithreadedTaskDispatcher with 12 workers.
 -> (artifact id: 'c3489bc112a49dadf2eb54884897bd7a') in 0.052634 seconds
Number of updated asset objects reloaded before import = 0
Number of asset objects unloaded after import = 24
========================================================================
Received Import Request.
  Time since last request: 0.000015 seconds.
  path: Assets/3D Laboratory Environment with Appratus/Models/florence_flask.fbx
  artifactKey: Guid(fb0b01455e191c24b87848c181088517) Importer(815301076,1909f56bfc062723c751e8b465ee728b)
Start importing Assets/3D Laboratory Environment with Appratus/Models/florence_flask.fbx using Guid(fb0b01455e191c24b87848c181088517) Importer(815301076,1909f56bfc062723c751e8b465ee728b) [PhysX] Initialized MultithreadedTaskDispatcher with 12 workers.
[PhysX] Initialized MultithreadedTaskDispatcher with 12 workers.
[PhysX] Initialized MultithreadedTaskDispatcher with 12 workers.
 -> (artifact id: '862a883f2343e6033310609b8035b4ed') in 0.015435 seconds
Number of updated asset objects reloaded before import = 0
Number of asset objects unloaded after import = 10
========================================================================
Received Import Request.
  Time since last request: 0.000021 seconds.
  path: Assets/3D Laboratory Environment with Appratus/Models/forceps.fbx
  artifactKey: Guid(ffad09fc807174544874a365c124edc4) Importer(815301076,1909f56bfc062723c751e8b465ee728b)
Start importing Assets/3D Laboratory Environment with Appratus/Models/forceps.fbx using Guid(ffad09fc807174544874a365c124edc4) Importer(815301076,1909f56bfc062723c751e8b465ee728b) [PhysX] Initialized MultithreadedTaskDispatcher with 12 workers.
[PhysX] Initialized MultithreadedTaskDispatcher with 12 workers.
[PhysX] Initialized MultithreadedTaskDispatcher with 12 workers.
 -> (artifact id: 'c21987c43df509e75fa340a35fb90980') in 0.015716 seconds
Number of updated asset objects reloaded before import = 0
Number of asset objects unloaded after import = 11
========================================================================
Received Import Request.
  Time since last request: 0.000021 seconds.
  path: Assets/3D Laboratory Environment with Appratus/Models/Glass_medical_dropper.fbx
  artifactKey: Guid(962eb04bf1b1e724dbb40dbd73d26af1) Importer(815301076,1909f56bfc062723c751e8b465ee728b)
Start importing Assets/3D Laboratory Environment with Appratus/Models/Glass_medical_dropper.fbx using Guid(962eb04bf1b1e724dbb40dbd73d26af1) Importer(815301076,1909f56bfc062723c751e8b465ee728b) [PhysX] Initialized MultithreadedTaskDispatcher with 12 workers.
[PhysX] Initialized MultithreadedTaskDispatcher with 12 workers.
[PhysX] Initialized MultithreadedTaskDispatcher with 12 workers.
 -> (artifact id: '34ad496a54e386bc005bf047ed739227') in 0.020052 seconds
Number of updated asset objects reloaded before import = 0
Number of asset objects unloaded after import = 14
========================================================================
Received Import Request.
  Time since last request: 0.000025 seconds.
  path: Assets/3D Laboratory Environment with Appratus/Models/Box02.fbx
  artifactKey: Guid(da8d6c6ca953aa24a924db0a93d368ec) Importer(815301076,1909f56bfc062723c751e8b465ee728b)
Start importing Assets/3D Laboratory Environment with Appratus/Models/Box02.fbx using Guid(da8d6c6ca953aa24a924db0a93d368ec) Importer(815301076,1909f56bfc062723c751e8b465ee728b) [PhysX] Initialized MultithreadedTaskDispatcher with 12 workers.
[PhysX] Initialized MultithreadedTaskDispatcher with 12 workers.
[PhysX] Initialized MultithreadedTaskDispatcher with 12 workers.
[PhysX] Initialized MultithreadedTaskDispatcher with 12 workers.
 -> (artifact id: '1ff0e0dd1f0fa70d8a63ef187efaad82') in 0.038113 seconds
Number of updated asset objects reloaded before import = 0
Number of asset objects unloaded after import = 9
========================================================================
Received Import Request.
  Time since last request: 0.000028 seconds.
  path: Assets/3D Laboratory Environment with Appratus/Models/stand glass.fbx
  artifactKey: Guid(c46ea31fd4e9353429ec414ebc1dbceb) Importer(815301076,1909f56bfc062723c751e8b465ee728b)
Start importing Assets/3D Laboratory Environment with Appratus/Models/stand glass.fbx using Guid(c46ea31fd4e9353429ec414ebc1dbceb) Importer(815301076,1909f56bfc062723c751e8b465ee728b) [PhysX] Initialized MultithreadedTaskDispatcher with 12 workers.
[PhysX] Initialized MultithreadedTaskDispatcher with 12 workers.
[PhysX] Initialized MultithreadedTaskDispatcher with 12 workers.
 -> (artifact id: '6ca2974e5dc946a536d4087c4d30df7b') in 0.017658 seconds
Number of updated asset objects reloaded before import = 0
Number of asset objects unloaded after import = 10
========================================================================
Received Import Request.
  Time since last request: 0.000027 seconds.
  path: Assets/3D Laboratory Environment with Appratus/Models/shelf.fbx
  artifactKey: Guid(fcb5eb169ed525d47b77a0dc026351d4) Importer(815301076,1909f56bfc062723c751e8b465ee728b)
Start importing Assets/3D Laboratory Environment with Appratus/Models/shelf.fbx using Guid(fcb5eb169ed525d47b77a0dc026351d4) Importer(815301076,1909f56bfc062723c751e8b465ee728b) [PhysX] Initialized MultithreadedTaskDispatcher with 12 workers.
[PhysX] Initialized MultithreadedTaskDispatcher with 12 workers.
[PhysX] Initialized MultithreadedTaskDispatcher with 12 workers.
 -> (artifact id: '1cff60d052dff6c363b9deee2825eade') in 0.015832 seconds
Number of updated asset objects reloaded before import = 0
Number of asset objects unloaded after import = 11
========================================================================
Received Import Request.
  Time since last request: 0.000021 seconds.
  path: Assets/3D Laboratory Environment with Appratus/Models/rack.fbx
  artifactKey: Guid(36d8dee32598ee9429a422732baf5b93) Importer(815301076,1909f56bfc062723c751e8b465ee728b)
Start importing Assets/3D Laboratory Environment with Appratus/Models/rack.fbx using Guid(36d8dee32598ee9429a422732baf5b93) Importer(815301076,1909f56bfc062723c751e8b465ee728b) [PhysX] Initialized MultithreadedTaskDispatcher with 12 workers.
[PhysX] Initialized MultithreadedTaskDispatcher with 12 workers.
[PhysX] Initialized MultithreadedTaskDispatcher with 12 workers.
 -> (artifact id: '704a3db923046f2a54c913771fa28f04') in 0.015996 seconds
Number of updated asset objects reloaded before import = 0
Number of asset objects unloaded after import = 11
========================================================================
Received Import Request.
  Time since last request: 0.000022 seconds.
  path: Assets/3D Laboratory Environment with Appratus/Models/liquids.fbx
  artifactKey: Guid(3f44b2fca30385c4db28c6a6d6b5bcbe) Importer(815301076,1909f56bfc062723c751e8b465ee728b)
Start importing Assets/3D Laboratory Environment with Appratus/Models/liquids.fbx using Guid(3f44b2fca30385c4db28c6a6d6b5bcbe) Importer(815301076,1909f56bfc062723c751e8b465ee728b) [PhysX] Initialized MultithreadedTaskDispatcher with 12 workers.
[PhysX] Initialized MultithreadedTaskDispatcher with 12 workers.
[PhysX] Initialized MultithreadedTaskDispatcher with 12 workers.
[PhysX] Initialized MultithreadedTaskDispatcher with 12 workers.
[PhysX] Initialized MultithreadedTaskDispatcher with 12 workers.
[PhysX] Initialized MultithreadedTaskDispatcher with 12 workers.
[PhysX] Initialized MultithreadedTaskDispatcher with 12 workers.
[PhysX] Initialized MultithreadedTaskDispatcher with 12 workers.
[PhysX] Initialized MultithreadedTaskDispatcher with 12 workers.
[PhysX] Initialized MultithreadedTaskDispatcher with 12 workers.
 -> (artifact id: '53a974ea617ed8a9eb93c34262781119') in 0.041113 seconds
Number of updated asset objects reloaded before import = 0
Number of asset objects unloaded after import = 25
========================================================================
Received Import Request.
  Time since last request: 0.000024 seconds.
  path: Assets/3D Laboratory Environment with Appratus/Models/drawer handle.fbx
  artifactKey: Guid(760634872ac8e0545aea25d92fb64cf4) Importer(815301076,1909f56bfc062723c751e8b465ee728b)
Start importing Assets/3D Laboratory Environment with Appratus/Models/drawer handle.fbx using Guid(760634872ac8e0545aea25d92fb64cf4) Importer(815301076,1909f56bfc062723c751e8b465ee728b) [PhysX] Initialized MultithreadedTaskDispatcher with 12 workers.
[PhysX] Initialized MultithreadedTaskDispatcher with 12 workers.
[PhysX] Initialized MultithreadedTaskDispatcher with 12 workers.
 -> (artifact id: '2f8a20342045b687d747845f431bbe41') in 0.016477 seconds
Number of updated asset objects reloaded before import = 0
Number of asset objects unloaded after import = 11
========================================================================
Received Import Request.
  Time since last request: 0.000019 seconds.
  path: Assets/3D Laboratory Environment with Appratus/Models/china dish.fbx
  artifactKey: Guid(f0ab5f518a39b5e40a973ef5bbb25921) Importer(815301076,1909f56bfc062723c751e8b465ee728b)
Start importing Assets/3D Laboratory Environment with Appratus/Models/china dish.fbx using Guid(f0ab5f518a39b5e40a973ef5bbb25921) Importer(815301076,1909f56bfc062723c751e8b465ee728b) [PhysX] Initialized MultithreadedTaskDispatcher with 12 workers.
[PhysX] Initialized MultithreadedTaskDispatcher with 12 workers.
[PhysX] Initialized MultithreadedTaskDispatcher with 12 workers.
 -> (artifact id: '1813852e0e3e3a8362cccb8ea4f13d8b') in 0.015254 seconds
Number of updated asset objects reloaded before import = 0
Number of asset objects unloaded after import = 11
========================================================================
Received Import Request.
  Time since last request: 0.000017 seconds.
  path: Assets/3D Laboratory Environment with Appratus/Models/chair.fbx
  artifactKey: Guid(54b30e10a2f11c3418ddc68df8c1860e) Importer(815301076,1909f56bfc062723c751e8b465ee728b)
Start importing Assets/3D Laboratory Environment with Appratus/Models/chair.fbx using Guid(54b30e10a2f11c3418ddc68df8c1860e) Importer(815301076,1909f56bfc062723c751e8b465ee728b) [PhysX] Initialized MultithreadedTaskDispatcher with 12 workers.
[PhysX] Initialized MultithreadedTaskDispatcher with 12 workers.
[PhysX] Initialized MultithreadedTaskDispatcher with 12 workers.
[PhysX] Initialized MultithreadedTaskDispatcher with 12 workers.
[PhysX] Initialized MultithreadedTaskDispatcher with 12 workers.
[PhysX] Initialized MultithreadedTaskDispatcher with 12 workers.
[PhysX] Initialized MultithreadedTaskDispatcher with 12 workers.
[PhysX] Initialized MultithreadedTaskDispatcher with 12 workers.
[PhysX] Initialized MultithreadedTaskDispatcher with 12 workers.
[PhysX] Initialized MultithreadedTaskDispatcher with 12 workers.
[PhysX] Initialized MultithreadedTaskDispatcher with 12 workers.
[PhysX] Initialized MultithreadedTaskDispatcher with 12 workers.
[PhysX] Initialized MultithreadedTaskDispatcher with 12 workers.
[PhysX] Initialized MultithreadedTaskDispatcher with 12 workers.
[PhysX] Initialized MultithreadedTaskDispatcher with 12 workers.
[PhysX] Initialized MultithreadedTaskDispatcher with 12 workers.
[PhysX] Initialized MultithreadedTaskDispatcher with 12 workers.
[PhysX] Initialized MultithreadedTaskDispatcher with 12 workers.
 -> (artifact id: 'e7fc43d328b280810461e11ecca0687a') in 0.074131 seconds
Number of updated asset objects reloaded before import = 0
Number of asset objects unloaded after import = 66
========================================================================
Received Import Request.
  Time since last request: 2455.588612 seconds.
  path: Assets/3D Laboratory Environment with Appratus/Textures/Laboratory03_Floor_MaskMap.png
  artifactKey: Guid(6932af5907d8e8341ac1b1eeae8b9736) Importer(815301076,1909f56bfc062723c751e8b465ee728b)
Start importing Assets/3D Laboratory Environment with Appratus/Textures/Laboratory03_Floor_MaskMap.png using Guid(6932af5907d8e8341ac1b1eeae8b9736) Importer(815301076,1909f56bfc062723c751e8b465ee728b) [PhysX] Initialized MultithreadedTaskDispatcher with 12 workers.
[PhysX] Initialized MultithreadedTaskDispatcher with 12 workers.
 -> (artifact id: '376f8d7f90fb30111f5786c86bbdefbc') in 0.164468 seconds
Number of updated asset objects reloaded before import = 0
Number of asset objects unloaded after import = 2
========================================================================
Received Import Request.
  Time since last request: 0.000186 seconds.
  path: Assets/3D Laboratory Environment with Appratus/Textures/Laboratory03_Wood_Normal.png
  artifactKey: Guid(ec38f2389f44c6d4ba00cfe894a86e5f) Importer(815301076,1909f56bfc062723c751e8b465ee728b)
Start importing Assets/3D Laboratory Environment with Appratus/Textures/Laboratory03_Wood_Normal.png using Guid(ec38f2389f44c6d4ba00cfe894a86e5f) Importer(815301076,1909f56bfc062723c751e8b465ee728b) [PhysX] Initialized MultithreadedTaskDispatcher with 12 workers.
[PhysX] Initialized MultithreadedTaskDispatcher with 12 workers.
 -> (artifact id: 'e9dc0be928ee0d9c25cb31553349027a') in 0.055115 seconds
Number of updated asset objects reloaded before import = 0
Number of asset objects unloaded after import = 2
========================================================================
Received Import Request.
  Time since last request: 0.000135 seconds.
  path: Assets/3D Laboratory Environment with Appratus/Textures/Laboratory03_Others_BaseMap.png
  artifactKey: Guid(3575abca2e482f2408c0769051268edf) Importer(815301076,1909f56bfc062723c751e8b465ee728b)
Start importing Assets/3D Laboratory Environment with Appratus/Textures/Laboratory03_Others_BaseMap.png using Guid(3575abca2e482f2408c0769051268edf) Importer(815301076,1909f56bfc062723c751e8b465ee728b) [PhysX] Initialized MultithreadedTaskDispatcher with 12 workers.
[PhysX] Initialized MultithreadedTaskDispatcher with 12 workers.
 -> (artifact id: '9abddc3ceca398e5d6d29dca5c5aa2e5') in 0.042618 seconds
Number of updated asset objects reloaded before import = 0
Number of asset objects unloaded after import = 2
========================================================================
Received Import Request.
  Time since last request: 0.000280 seconds.
  path: Assets/3D Laboratory Environment with Appratus/Textures/Laboratory03_Other_01_BaseMap.png
  artifactKey: Guid(7caa9768d618d674893979c47d8b7233) Importer(815301076,1909f56bfc062723c751e8b465ee728b)
Start importing Assets/3D Laboratory Environment with Appratus/Textures/Laboratory03_Other_01_BaseMap.png using Guid(7caa9768d618d674893979c47d8b7233) Importer(815301076,1909f56bfc062723c751e8b465ee728b) [PhysX] Initialized MultithreadedTaskDispatcher with 12 workers.
[PhysX] Initialized MultithreadedTaskDispatcher with 12 workers.
 -> (artifact id: 'd22c422bfc09881f72e1f2bed59a81e5') in 0.017235 seconds
Number of updated asset objects reloaded before import = 0
Number of asset objects unloaded after import = 2
========================================================================
Received Import Request.
  Time since last request: 0.000063 seconds.
  path: Assets/3D Laboratory Environment with Appratus/Textures/Laboratory03_Others_MaskMap.png
  artifactKey: Guid(5cae7e11d0939d8499f4090399a87887) Importer(815301076,1909f56bfc062723c751e8b465ee728b)
Start importing Assets/3D Laboratory Environment with Appratus/Textures/Laboratory03_Others_MaskMap.png using Guid(5cae7e11d0939d8499f4090399a87887) Importer(815301076,1909f56bfc062723c751e8b465ee728b) [PhysX] Initialized MultithreadedTaskDispatcher with 12 workers.
[PhysX] Initialized MultithreadedTaskDispatcher with 12 workers.
 -> (artifact id: '7f2b53648fb28797c867adc1aad22e72') in 0.011372 seconds
Number of updated asset objects reloaded before import = 0
Number of asset objects unloaded after import = 2
========================================================================
Received Import Request.
  Time since last request: 0.000023 seconds.
  path: Assets/3D Laboratory Environment with Appratus/Textures/Laboratory03_Wood_MaskMap.png
  artifactKey: Guid(bd7a934d1a53db04caef7a80fad2d68f) Importer(815301076,1909f56bfc062723c751e8b465ee728b)
Start importing Assets/3D Laboratory Environment with Appratus/Textures/Laboratory03_Wood_MaskMap.png using Guid(bd7a934d1a53db04caef7a80fad2d68f) Importer(815301076,1909f56bfc062723c751e8b465ee728b) [PhysX] Initialized MultithreadedTaskDispatcher with 12 workers.
[PhysX] Initialized MultithreadedTaskDispatcher with 12 workers.
 -> (artifact id: 'f0cb5e44971af20456b93b4db1072bfa') in 0.008889 seconds
Number of updated asset objects reloaded before import = 0
Number of asset objects unloaded after import = 2
========================================================================
Received Import Request.
  Time since last request: 0.000251 seconds.
  path: Assets/3D Laboratory Environment with Appratus/Textures/Laboratory03_Others_Normal.png
  artifactKey: Guid(87294edae22b70c4996c9b08b197f5c7) Importer(815301076,1909f56bfc062723c751e8b465ee728b)
Start importing Assets/3D Laboratory Environment with Appratus/Textures/Laboratory03_Others_Normal.png using Guid(87294edae22b70c4996c9b08b197f5c7) Importer(815301076,1909f56bfc062723c751e8b465ee728b) [PhysX] Initialized MultithreadedTaskDispatcher with 12 workers.
[PhysX] Initialized MultithreadedTaskDispatcher with 12 workers.
 -> (artifact id: 'c0e9da9a8c19b9f24e5f93059c00b7fa') in 0.010358 seconds
Number of updated asset objects reloaded before import = 0
Number of asset objects unloaded after import = 2
========================================================================
Received Import Request.
  Time since last request: 0.000084 seconds.
  path: Assets/3D Laboratory Environment with Appratus/Textures/Laboratory03_Floor_Normal.png
  artifactKey: Guid(ae00e00c7806677439c6823dae4a38f4) Importer(815301076,1909f56bfc062723c751e8b465ee728b)
Start importing Assets/3D Laboratory Environment with Appratus/Textures/Laboratory03_Floor_Normal.png using Guid(ae00e00c7806677439c6823dae4a38f4) Importer(815301076,1909f56bfc062723c751e8b465ee728b) [PhysX] Initialized MultithreadedTaskDispatcher with 12 workers.
[PhysX] Initialized MultithreadedTaskDispatcher with 12 workers.
 -> (artifact id: 'd9ea546d86f89e5ed7be7b92fd34ca7f') in 0.012536 seconds
Number of updated asset objects reloaded before import = 0
Number of asset objects unloaded after import = 2
========================================================================
Received Import Request.
  Time since last request: 7.281569 seconds.
  path: Assets/3D Laboratory Environment with Appratus/Materials/Laboratory03_Glass_BaseMap.mat
  artifactKey: Guid(62dad06c47d1d1a448901a67f077f0b6) Importer(815301076,1909f56bfc062723c751e8b465ee728b)
Start importing Assets/3D Laboratory Environment with Appratus/Materials/Laboratory03_Glass_BaseMap.mat using Guid(62dad06c47d1d1a448901a67f077f0b6) Importer(815301076,1909f56bfc062723c751e8b465ee728b) [PhysX] Initialized MultithreadedTaskDispatcher with 12 workers.
[PhysX] Initialized MultithreadedTaskDispatcher with 12 workers.
 -> (artifact id: '6ed4d19bc2a4c15429fd4aa99de5d944') in 0.046323 seconds
Number of updated asset objects reloaded before import = 0
Number of asset objects unloaded after import = 3
========================================================================
Received Import Request.
  Time since last request: 0.000066 seconds.
  path: Assets/3D Laboratory Environment with Appratus/Materials/lambert1.mat
  artifactKey: Guid(9cccea665b138ec4c9a38c405f8554cf) Importer(815301076,1909f56bfc062723c751e8b465ee728b)
Start importing Assets/3D Laboratory Environment with Appratus/Materials/lambert1.mat using Guid(9cccea665b138ec4c9a38c405f8554cf) Importer(815301076,1909f56bfc062723c751e8b465ee728b) [PhysX] Initialized MultithreadedTaskDispatcher with 12 workers.
[PhysX] Initialized MultithreadedTaskDispatcher with 12 workers.
 -> (artifact id: 'e7e5ccb66772ba952ae6171399460963') in 0.027213 seconds
Number of updated asset objects reloaded before import = 0
Number of asset objects unloaded after import = 1
========================================================================
Received Import Request.
  Time since last request: 0.000122 seconds.
  path: Assets/3D Laboratory Environment with Appratus/Materials/water.mat
  artifactKey: Guid(7edb3177958782c49aa980429ae5fbf4) Importer(815301076,1909f56bfc062723c751e8b465ee728b)
Start importing Assets/3D Laboratory Environment with Appratus/Materials/water.mat using Guid(7edb3177958782c49aa980429ae5fbf4) Importer(815301076,1909f56bfc062723c751e8b465ee728b) [PhysX] Initialized MultithreadedTaskDispatcher with 12 workers.
[PhysX] Initialized MultithreadedTaskDispatcher with 12 workers.
 -> (artifact id: '2df0f6c2b729a2c309f2a2efc0a67366') in 0.026869 seconds
Number of updated asset objects reloaded before import = 0
Number of asset objects unloaded after import = 1
========================================================================
Received Import Request.
  Time since last request: 0.000055 seconds.
  path: Assets/3D Laboratory Environment with Appratus/Materials/Liquid 1.mat
  artifactKey: Guid(d987ec024d9a90d4c8deb0ba94e48b99) Importer(815301076,1909f56bfc062723c751e8b465ee728b)
Start importing Assets/3D Laboratory Environment with Appratus/Materials/Liquid 1.mat using Guid(d987ec024d9a90d4c8deb0ba94e48b99) Importer(815301076,1909f56bfc062723c751e8b465ee728b) [PhysX] Initialized MultithreadedTaskDispatcher with 12 workers.
[PhysX] Initialized MultithreadedTaskDispatcher with 12 workers.
 -> (artifact id: '46778b6e689e0302df6db77bf750e1c7') in 0.025468 seconds
Number of updated asset objects reloaded before import = 0
Number of asset objects unloaded after import = 1
========================================================================
Received Import Request.
  Time since last request: 0.000264 seconds.
  path: Assets/3D Laboratory Environment with Appratus/Materials/Liquid 3.mat
  artifactKey: Guid(65529ac748f009d4dbdee8d40e2e6402) Importer(815301076,1909f56bfc062723c751e8b465ee728b)
Start importing Assets/3D Laboratory Environment with Appratus/Materials/Liquid 3.mat using Guid(65529ac748f009d4dbdee8d40e2e6402) Importer(815301076,1909f56bfc062723c751e8b465ee728b) [PhysX] Initialized MultithreadedTaskDispatcher with 12 workers.
[PhysX] Initialized MultithreadedTaskDispatcher with 12 workers.
 -> (artifact id: 'fea134649885ac8830a3f99bf9a101cb') in 0.025091 seconds
Number of updated asset objects reloaded before import = 0
Number of asset objects unloaded after import = 1
========================================================================
Received Import Request.
  Time since last request: 0.000244 seconds.
  path: Assets/3D Laboratory Environment with Appratus/Materials/New Material.mat
  artifactKey: Guid(2bece4266c1175a4faabdb2e7063f6fb) Importer(815301076,1909f56bfc062723c751e8b465ee728b)
Start importing Assets/3D Laboratory Environment with Appratus/Materials/New Material.mat using Guid(2bece4266c1175a4faabdb2e7063f6fb) Importer(815301076,1909f56bfc062723c751e8b465ee728b) [PhysX] Initialized MultithreadedTaskDispatcher with 12 workers.
[PhysX] Initialized MultithreadedTaskDispatcher with 12 workers.
 -> (artifact id: '83daeaab6fd90814f98f71a13711613c') in 0.023052 seconds
Number of updated asset objects reloaded before import = 0
Number of asset objects unloaded after import = 1
========================================================================
Received Import Request.
  Time since last request: 0.000201 seconds.
  path: Assets/3D Laboratory Environment with Appratus/Materials/Laboratory03_Others_BaseMap.mat
  artifactKey: Guid(935190269a0097e468613dae1055aa8f) Importer(815301076,1909f56bfc062723c751e8b465ee728b)
Start importing Assets/3D Laboratory Environment with Appratus/Materials/Laboratory03_Others_BaseMap.mat using Guid(935190269a0097e468613dae1055aa8f) Importer(815301076,1909f56bfc062723c751e8b465ee728b) [PhysX] Initialized MultithreadedTaskDispatcher with 12 workers.
[PhysX] Initialized MultithreadedTaskDispatcher with 12 workers.
 -> (artifact id: '81b7ecbf8a6624b9f95e685d0605c5be') in 0.044913 seconds
Number of updated asset objects reloaded before import = 0
Number of asset objects unloaded after import = 4
========================================================================
Received Import Request.
  Time since last request: 0.000054 seconds.
  path: Assets/3D Laboratory Environment with Appratus/Materials/Liquid 2.mat
  artifactKey: Guid(5c4854f1dd0cbe84a92d1ba0e1baffc6) Importer(815301076,1909f56bfc062723c751e8b465ee728b)
Start importing Assets/3D Laboratory Environment with Appratus/Materials/Liquid 2.mat using Guid(5c4854f1dd0cbe84a92d1ba0e1baffc6) Importer(815301076,1909f56bfc062723c751e8b465ee728b) [PhysX] Initialized MultithreadedTaskDispatcher with 12 workers.
[PhysX] Initialized MultithreadedTaskDispatcher with 12 workers.
 -> (artifact id: '93426940d2cfc25ab22e128ad414226b') in 0.025909 seconds
Number of updated asset objects reloaded before import = 0
Number of asset objects unloaded after import = 1
========================================================================
Received Import Request.
  Time since last request: 0.000264 seconds.
  path: Assets/3D Laboratory Environment with Appratus/Materials/Laboratory03_Wood_BaseMap.mat
  artifactKey: Guid(bf1b930b1fba9db409872196db946d5c) Importer(815301076,1909f56bfc062723c751e8b465ee728b)
Start importing Assets/3D Laboratory Environment with Appratus/Materials/Laboratory03_Wood_BaseMap.mat using Guid(bf1b930b1fba9db409872196db946d5c) Importer(815301076,1909f56bfc062723c751e8b465ee728b) [PhysX] Initialized MultithreadedTaskDispatcher with 12 workers.
[PhysX] Initialized MultithreadedTaskDispatcher with 12 workers.
 -> (artifact id: 'a1b57e3d6e967f2a962d78df498c26b2') in 0.036419 seconds
Number of updated asset objects reloaded before import = 0
Number of asset objects unloaded after import = 4
========================================================================
Received Import Request.
  Time since last request: 0.000065 seconds.
  path: Assets/3D Laboratory Environment with Appratus/Materials/roof and blub_other02_BaseMap.mat
  artifactKey: Guid(3b92f9721b48ca749ad0da0028d7fab5) Importer(815301076,1909f56bfc062723c751e8b465ee728b)
Start importing Assets/3D Laboratory Environment with Appratus/Materials/roof and blub_other02_BaseMap.mat using Guid(3b92f9721b48ca749ad0da0028d7fab5) Importer(815301076,1909f56bfc062723c751e8b465ee728b) [PhysX] Initialized MultithreadedTaskDispatcher with 12 workers.
[PhysX] Initialized MultithreadedTaskDispatcher with 12 workers.
 -> (artifact id: '5b45d53f62294cbbac9d48e480fe4e0b') in 0.044096 seconds
Number of updated asset objects reloaded before import = 0
Number of asset objects unloaded after import = 4
Editor requested this worker to shutdown with reason: Scaling down because of idle timeout
TcpMessagingSession - receive error: operation aborted. errorcode: 995, details: The I/O operation has been aborted because of either a thread exit or an application request.
AssetImportWorker is now disconnected from the server
Process exiting
Exiting without the bug reporter. Application will terminate with return code 0